{"total": {"lines":{"total":162,"covered":118,"skipped":0,"pct":72.83},"statements":{"total":180,"covered":128,"skipped":0,"pct":71.11},"functions":{"total":61,"covered":37,"skipped":0,"pct":60.65},"branches":{"total":102,"covered":70,"skipped":0,"pct":68.62},"branchesTrue":{"total":0,"covered":0,"skipped":0,"pct":100}}
,"/home/pango/Projects/Docker/commerce-vue-dotnet/frontend/src/components/shared/SnackbarHost.vue": {"lines":{"total":5,"covered":4,"skipped":0,"pct":80},"functions":{"total":5,"covered":4,"skipped":0,"pct":80},"statements":{"total":7,"covered":6,"skipped":0,"pct":85.71},"branches":{"total":6,"covered":6,"skipped":0,"pct":100}}
,"/home/pango/Projects/Docker/commerce-vue-dotnet/frontend/src/composables/useHealthCheck.ts": {"lines":{"total":6,"covered":6,"skipped":0,"pct":100},"functions":{"total":2,"covered":2,"skipped":0,"pct":100},"statements":{"total":6,"covered":6,"skipped":0,"pct":100},"branches":{"total":0,"covered":0,"skipped":0,"pct":100}}
,"/home/pango/Projects/Docker/commerce-vue-dotnet/frontend/src/composables/useProducts.ts": {"lines":{"total":26,"covered":26,"skipped":0,"pct":100},"functions":{"total":6,"covered":6,"skipped":0,"pct":100},"statements":{"total":26,"covered":26,"skipped":0,"pct":100},"branches":{"total":0,"covered":0,"skipped":0,"pct":100}}
,"/home/pango/Projects/Docker/commerce-vue-dotnet/frontend/src/lib/http.ts": {"lines":{"total":74,"covered":61,"skipped":0,"pct":82.43},"functions":{"total":16,"covered":12,"skipped":0,"pct":75},"statements":{"total":84,"covered":68,"skipped":0,"pct":80.95},"branches":{"total":70,"covered":55,"skipped":0,"pct":78.57}}
,"/home/pango/Projects/Docker/commerce-vue-dotnet/frontend/src/lib/notify.ts": {"lines":{"total":7,"covered":7,"skipped":0,"pct":100},"functions":{"total":4,"covered":4,"skipped":0,"pct":100},"statements":{"total":8,"covered":8,"skipped":0,"pct":100},"branches":{"total":8,"covered":7,"skipped":0,"pct":87.5}}
,"/home/pango/Projects/Docker/commerce-vue-dotnet/frontend/src/pages/index.vue": {"lines":{"total":28,"covered":0,"skipped":0,"pct":0},"functions":{"total":17,"covered":0,"skipped":0,"pct":0},"statements":{"total":33,"covered":0,"skipped":0,"pct":0},"branches":{"total":16,"covered":0,"skipped":0,"pct":0}}
,"/home/pango/Projects/Docker/commerce-vue-dotnet/frontend/src/pages/products/index.vue": {"lines":{"total":0,"covered":0,"skipped":0,"pct":0},"functions":{"total":0,"covered":0,"skipped":0,"pct":0},"statements":{"total":0,"covered":0,"skipped":0,"pct":0},"branches":{"total":0,"covered":0,"skipped":0,"pct":0}}
,"/home/pango/Projects/Docker/commerce-vue-dotnet/frontend/src/services/productsApi.ts": {"lines":{"total":6,"covered":6,"skipped":0,"pct":100},"functions":{"total":5,"covered":5,"skipped":0,"pct":100},"statements":{"total":6,"covered":6,"skipped":0,"pct":100},"branches":{"total":0,"covered":0,"skipped":0,"pct":100}}
,"/home/pango/Projects/Docker/commerce-vue-dotnet/frontend/src/stores/toast.ts": {"lines":{"total":10,"covered":8,"skipped":0,"pct":80},"functions":{"total":6,"covered":4,"skipped":0,"pct":66.66},"statements":{"total":10,"covered":8,"skipped":0,"pct":80},"branches":{"total":2,"covered":2,"skipped":0,"pct":100}}
}
